0 info it worked if it ends with ok
1 verbose cli [ 'C:\\Program Files\\nodejs\\node.exe',
1 verbose cli   'C:\\Program Files\\nodejs\\node_modules\\npm\\bin\\npm-cli.js',
1 verbose cli   'start' ]
2 info using npm@3.3.12
3 info using node@v5.1.0
4 verbose run-script [ 'prestart', 'start', 'poststart' ]
5 info lifecycle csv@1.0.0~prestart: csv@1.0.0
6 silly lifecycle csv@1.0.0~prestart: no script for prestart, continuing
7 info lifecycle csv@1.0.0~start: csv@1.0.0
8 verbose lifecycle csv@1.0.0~start: unsafe-perm in lifecycle true
9 verbose lifecycle csv@1.0.0~start: PATH: C:\Program Files\nodejs\node_modules\npm\bin\node-gyp-bin;C:\wamp\www\PL\csv\localstorage-jquery-underscore-express-sass-heroku-ivan_garcia\node_modules\.bin;C:\Users\ivan\AppData\Local\GitHub\PortableGit_c7e0cbde92ba565cb218a521411d0e854079a28c\cmd;C:\Users\ivan\AppData\Local\GitHub\PortableGit_c7e0cbde92ba565cb218a521411d0e854079a28c\usr\bin;C:\Users\ivan\AppData\Local\GitHub\PortableGit_c7e0cbde92ba565cb218a521411d0e854079a28c\usr\share\git-tfs;C:\Users\ivan\AppData\Local\Apps\2.0\GCQ69KGL.875\GCXCWV1L.EJR\gith..tion_317444273a93ac29_0003.0000_f3a9f44c4e4f6514;C:\Users\ivan\AppData\Local\GitHub\lfs-amd64_1.0.2;C:\WINDOWS\Microsoft.NET\Framework\v4.0.30319;C:\ProgramData\Oracle\Java\javapath;C:\WINDOWS\system32;C:\WINDOWS;C:\WINDOWS\System32\Wbem;C:\WINDOWS\System32\WindowsPowerShell\v1.0\;C:\Program Files\nodejs\;c:\Program Files (x86)\Brackets\command;C:\Program Files (x86)\Skype\Phone\;C:\Program Files (x86)\MiKTeX 2.9\miktex\bin\;C:\HaxeToolkit\haxe\;C:\HaxeToolkit\neko;C:\Program Files\MATLAB\R2016a\bin;C:\Ruby22\bin;C:\Users\ivan\AppData\Roaming\npm; C:\Program Files (x86)\Android\android-sdk\tools:C:\Program Files (x86)\Android\android-sdk\platform-tools;C:\Users\ivan\AppData\Local\atom\bin;C:\Users\ivan\AppData\Local\Pandoc\
10 verbose lifecycle csv@1.0.0~start: CWD: C:\wamp\www\PL\csv\localstorage-jquery-underscore-express-sass-heroku-ivan_garcia
11 silly lifecycle csv@1.0.0~start: Args: [ '/d /s /c', 'node ./bin/www' ]
12 silly lifecycle csv@1.0.0~start: Returned: code: 1  signal: null
13 info lifecycle csv@1.0.0~start: Failed to exec start script
14 verbose stack Error: csv@1.0.0 start: `node ./bin/www`
14 verbose stack Exit status 1
14 verbose stack     at EventEmitter.<anonymous> (C:\Program Files\nodejs\node_modules\npm\lib\utils\lifecycle.js:232:16)
14 verbose stack     at emitTwo (events.js:87:13)
14 verbose stack     at EventEmitter.emit (events.js:172:7)
14 verbose stack     at ChildProcess.<anonymous> (C:\Program Files\nodejs\node_modules\npm\lib\utils\spawn.js:24:14)
14 verbose stack     at emitTwo (events.js:87:13)
14 verbose stack     at ChildProcess.emit (events.js:172:7)
14 verbose stack     at maybeClose (internal/child_process.js:818:16)
14 verbose stack     at Process.ChildProcess._handle.onexit (internal/child_process.js:211:5)
15 verbose pkgid csv@1.0.0
16 verbose cwd C:\wamp\www\PL\csv\localstorage-jquery-underscore-express-sass-heroku-ivan_garcia
17 error Windows_NT 10.0.10586
18 error argv "C:\\Program Files\\nodejs\\node.exe" "C:\\Program Files\\nodejs\\node_modules\\npm\\bin\\npm-cli.js" "start"
19 error node v5.1.0
20 error npm  v3.3.12
21 error code ELIFECYCLE
22 error csv@1.0.0 start: `node ./bin/www`
22 error Exit status 1
23 error Failed at the csv@1.0.0 start script 'node ./bin/www'.
23 error Make sure you have the latest version of node.js and npm installed.
23 error If you do, this is most likely a problem with the csv package,
23 error not with npm itself.
23 error Tell the author that this fails on your system:
23 error     node ./bin/www
23 error You can get their info via:
23 error     npm owner ls csv
23 error There is likely additional logging output above.
24 verbose exit [ 1, true ]
